
==== 2025-09-20 13:51:28.67 : Script start ====
[INFO] BASE_DIR=C:\Users\thier\awesome_wotlk_injection\build\Release\ 
[INFO] INJECTOR_EXE=C:\Users\thier\awesome_wotlk_injection\build\Release\AwesomeWotlkInjector.exe 
[INFO] INJECTOR_LOG=C:\Users\thier\awesome_wotlk_injection\build\Release\injector_output.log 
[INFO] SCRIPT_LOG=C:\Users\thier\awesome_wotlk_injection\build\Release\AutoInject_Awesome.log 
[INFO] ProgramFiles=C:\Program Files 
[INFO] ProgramFiles^(x86^)=C:\Program Files ^(x86^) 
[INFO] ProgramW6432=C:\Program Files 
[INFO] Probing for game exe in: 
[INFO]  \Ascension Launcher\resources\epoch_live\Ascension.exe 
[INFO]  \Ascension Launcher\resources\ascension_live\Ascension.exe 
[INFO]  \Ascension Launcher\resources\epoch_ptr\Ascension.exe 
[INFO]  C:\Program Files\Ascension Launcher\resources\epoch_live\Ascension.exe 
[OK] Found: C:\Program Files\Ascension Launcher\resources\epoch_live\Ascension.exe 
[INFO] Validating GAME_EXE: C:\Program Files\Ascension Launcher\resources\epoch_live\Ascension.exe 
[INFO] GAME_EXE is not a directory, checking if it's a valid file... 
[INFO] Extracting GAME_DIR from C:\Program Files\Ascension Launcher\resources\epoch_live\Ascension.exe... 
[INFO] GAME_DIR set to: C:\Program Files\Ascension Launcher\resources\epoch_live\ 
[OK] Using Ascension.exe: C:\Program Files\Ascension Launcher\resources\epoch_live\Ascension.exe 
[INFO] Attempting to ensure game is running... 
[INFO] Checking if Ascension.exe is running... 
[INFO] Starting game: C:\Program Files\Ascension Launcher\resources\epoch_live\Ascension.exe 
[OK] Game detected 
[INFO] Waiting 5 seconds before injection... 
[INFO] Launching injector attempt 1: C:\Users\thier\awesome_wotlk_injection\build\Release\AwesomeWotlkInjector.exe Ascension.exe 
[INFO] No existing injector processes found. 
[INFO] Starting injector... 
[INFO] Executing: C:\Users\thier\awesome_wotlk_injection\build\Release\AwesomeWotlkInjector.exe Ascension.exe 
[INFO] Injector launched, waiting 5 seconds for log write... 
[INFO] ^(try 1^) Injector process still running. 
[OK] Partial injection success line found. 
[OK] Injection reported success. Exiting. 
